mode: set
easy-medium-leetcode-go/src/strings/parentheses-level-1/valid_parentheses.go:3.40,11.32 3 1
easy-medium-leetcode-go/src/strings/parentheses-level-1/valid_parentheses.go:11.32,13.40 2 1
easy-medium-leetcode-go/src/strings/parentheses-level-1/valid_parentheses.go:13.40,15.4 1 1
easy-medium-leetcode-go/src/strings/parentheses-level-1/valid_parentheses.go:15.9,16.61 1 1
easy-medium-leetcode-go/src/strings/parentheses-level-1/valid_parentheses.go:16.61,18.5 1 1
easy-medium-leetcode-go/src/strings/parentheses-level-1/valid_parentheses.go:19.4,19.32 1 1
easy-medium-leetcode-go/src/strings/parentheses-level-1/valid_parentheses.go:24.2,24.24 1 1
